<?xml version="1.0" encoding="UTF-8"?>
<!-- Generated by org.testng.reporters.JUnitReportReporter -->
<testsuite hostname="WKWZTEXycrIcbwy" failures="0" tests="1" name="package1.NameDemo" time="0.008" errors="0" timestamp="2022-11-30T00:00:19 IST" skipped="0">
  <testcase classname="package1.NameDemo" name="test" time="0.008"/>
  <system-out/>
</testsuite> <!-- package1.NameDemo -->
