<?xml version="1.0" encoding="UTF-8"?>
<!-- Generated by org.testng.reporters.JUnitReportReporter -->
<testsuite hostname="WKWZTEXycrIcbwy" failures="0" tests="1" name="userName.NameDemo" time="0.006" errors="0" timestamp="2022-11-30T01:01:27 IST" skipped="0">
  <testcase classname="userName.NameDemo" name="test" time="0.006"/>
  <system-out/>
</testsuite> <!-- userName.NameDemo -->
